<?xml version="1.0" encoding="UTF-8"?>
<testng-results skipped="0" failed="0" total="1" passed="1">
  <reporter-output>
  </reporter-output>
  <suite name="Suite" duration-ms="9800" started-at="2019-01-02T19:05:12Z" finished-at="2019-01-02T19:05:22Z">
    <groups>
    </groups>
    <test name="Test" duration-ms="9800" started-at="2019-01-02T19:05:12Z" finished-at="2019-01-02T19:05:22Z">
      <class name="Maventest.DemoMavenTest">
        <test-method status="PASS" signature="test()" name="test" duration-ms="9788" started-at="2019-01-02T19:05:12Z" finished-at="2019-01-02T19:05:22Z">
        </test-method>
      </class>
    </test>
  </suite>
</testng-results>
